<?xml version="1.0" encoding="UTF-8"?>
<!-- Generated by org.testng.reporters.JUnitReportReporter -->
<testsuite hostname="INDRAJOLES1" name="com.demoworkflow.automation.demoworkflow.browserTestsTest" tests="3" failures="0" timestamp="19 Sep 2021 10:01:23 GMT" time="28.113" errors="0">
  <testcase name="gotowebsite" time="24.839" classname="com.demoworkflow.automation.demoworkflow.browserTestsTest"/>
  <testcase name="initbrowser" time="3.028" classname="com.demoworkflow.automation.demoworkflow.browserTestsTest"/>
  <testcase name="closeborwser" time="0.246" classname="com.demoworkflow.automation.demoworkflow.browserTestsTest"/>
</testsuite> <!-- com.demoworkflow.automation.demoworkflow.browserTestsTest -->
